{"/Users/douglaspoma/Documents/Estudos/clean-tdd-mango/src/application/usecases/DbAddAccount-protocols.ts": {"path":"/Users/douglaspoma/Documents/Estudos/clean-tdd-mango/src/application/usecases/DbAddAccount-protocols.ts","statementMap":{"0":{"start":{"line":1,"column":0},"end":{"line":1,"column":49}},"1":{"start":{"line":2,"column":0},"end":{"line":2,"column":44}},"2":{"start":{"line":3,"column":0},"end":{"line":3,"column":39}},"3":{"start":{"line":4,"column":0},"end":{"line":4,"column":50}}},"fnMap":{},"branchMap":{},"s":{"0":0,"1":0,"2":0,"3":0},"f":{},"b":{}}
,"/Users/douglaspoma/Documents/Estudos/clean-tdd-mango/src/application/usecases/DbAddAccount.ts": {"path":"/Users/douglaspoma/Documents/Estudos/clean-tdd-mango/src/application/usecases/DbAddAccount.ts","statementMap":{"0":{"start":{"line":11,"column":12},"end":{"line":11,"column":32}},"1":{"start":{"line":12,"column":12},"end":{"line":12,"column":44}},"2":{"start":{"line":15,"column":27},"end":{"line":15,"column":73}},"3":{"start":{"line":16,"column":26},"end":{"line":17,"column":null}},"4":{"start":{"line":19,"column":4},"end":{"line":19,"column":25}},"5":{"start":{"line":9,"column":0},"end":{"line":9,"column":13}}},"fnMap":{"0":{"name":"(anonymous_7)","decl":{"start":{"line":10,"column":2},"end":{"line":10,"column":null}},"loc":{"start":{"line":12,"column":44},"end":{"line":13,"column":6}}},"1":{"name":"(anonymous_8)","decl":{"start":{"line":14,"column":8},"end":{"line":14,"column":11}},"loc":{"start":{"line":14,"column":36},"end":{"line":20,"column":null}}}},"branchMap":{},"s":{"0":9,"1":9,"2":6,"3":5,"4":4,"5":5},"f":{"0":9,"1":6},"b":{}}
,"/Users/douglaspoma/Documents/Estudos/clean-tdd-mango/src/infra/crypto/BCryptAdapter.ts": {"path":"/Users/douglaspoma/Documents/Estudos/clean-tdd-mango/src/infra/crypto/BCryptAdapter.ts","statementMap":{"0":{"start":{"line":1,"column":0},"end":{"line":1,"column":28}},"1":{"start":{"line":5,"column":31},"end":{"line":5,"column":43}},"2":{"start":{"line":7,"column":24},"end":{"line":7,"column":59}},"3":{"start":{"line":8,"column":4},"end":{"line":8,"column":23}},"4":{"start":{"line":4,"column":0},"end":{"line":4,"column":13}}},"fnMap":{"0":{"name":"(anonymous_8)","decl":{"start":{"line":5,"column":2},"end":{"line":5,"column":31}},"loc":{"start":{"line":5,"column":43},"end":{"line":5,"column":47}}},"1":{"name":"(anonymous_9)","decl":{"start":{"line":6,"column":8},"end":{"line":6,"column":15}},"loc":{"start":{"line":6,"column":29},"end":{"line":9,"column":null}}}},"branchMap":{},"s":{"0":5,"1":7,"2":4,"3":3,"4":5},"f":{"0":7,"1":4},"b":{}}
,"/Users/douglaspoma/Documents/Estudos/clean-tdd-mango/src/infra/db/mongodb/MongoAccountRepository.ts": {"path":"/Users/douglaspoma/Documents/Estudos/clean-tdd-mango/src/infra/db/mongodb/MongoAccountRepository.ts","statementMap":{"0":{"start":{"line":4,"column":0},"end":{"line":4,"column":53}},"1":{"start":{"line":8,"column":30},"end":{"line":8,"column":67}},"2":{"start":{"line":9,"column":27},"end":{"line":9,"column":69}},"3":{"start":{"line":10,"column":4},"end":{"line":12,"column":null}},"4":{"start":{"line":6,"column":0},"end":{"line":6,"column":13}}},"fnMap":{"0":{"name":"(anonymous_7)","decl":{"start":{"line":7,"column":8},"end":{"line":7,"column":11}},"loc":{"start":{"line":7,"column":36},"end":{"line":14,"column":null}}}},"branchMap":{},"s":{"0":5,"1":2,"2":2,"3":2,"4":5},"f":{"0":2},"b":{}}
,"/Users/douglaspoma/Documents/Estudos/clean-tdd-mango/src/infra/db/mongodb/helpers/mongo-helper.ts": {"path":"/Users/douglaspoma/Documents/Estudos/clean-tdd-mango/src/infra/db/mongodb/helpers/mongo-helper.ts","statementMap":{"0":{"start":{"line":1,"column":0},"end":{"line":1,"column":50}},"1":{"start":{"line":2,"column":28},"end":{"line":2,"column":58}},"2":{"start":{"line":3,"column":13},"end":{"line":18,"column":2}},"3":{"start":{"line":6,"column":4},"end":{"line":6,"column":49}},"4":{"start":{"line":9,"column":4},"end":{"line":9,"column":30}},"5":{"start":{"line":12,"column":4},"end":{"line":12,"column":52}},"6":{"start":{"line":15,"column":38},"end":{"line":15,"column":42}},"7":{"start":{"line":15,"column":33},"end":{"line":15,"column":38}},"8":{"start":{"line":16,"column":4},"end":{"line":16,"column":57}}},"fnMap":{"0":{"name":"(anonymous_8)","decl":{"start":{"line":5,"column":8},"end":{"line":5,"column":15}},"loc":{"start":{"line":5,"column":27},"end":{"line":7,"column":null}}},"1":{"name":"(anonymous_10)","decl":{"start":{"line":8,"column":8},"end":{"line":8,"column":18}},"loc":{"start":{"line":8,"column":18},"end":{"line":10,"column":null}}},"2":{"name":"(anonymous_12)","decl":{"start":{"line":11,"column":2},"end":{"line":11,"column":15}},"loc":{"start":{"line":11,"column":28},"end":{"line":13,"column":3}}},"3":{"name":"(anonymous_13)","decl":{"start":{"line":14,"column":2},"end":{"line":14,"column":5}},"loc":{"start":{"line":14,"column":29},"end":{"line":17,"column":3}}}},"branchMap":{"0":{"loc":{"start":{"line":12,"column":11},"end":{"line":12,"column":51}},"type":"cond-expr","locations":[{"start":{"line":12,"column":22},"end":{"line":12,"column":24}},{"start":{"line":12,"column":22},"end":{"line":12,"column":51}}]},"1":{"loc":{"start":{"line":12,"column":11},"end":{"line":12,"column":24}},"type":"binary-expr","locations":[{"start":{"line":12,"column":11},"end":{"line":12,"column":24}},{"start":{"line":12,"column":22},"end":{"line":12,"column":24}}]}},"s":{"0":5,"1":5,"2":5,"3":2,"4":2,"5":5,"6":0,"7":0,"8":0},"f":{"0":2,"1":2,"2":5,"3":0},"b":{"0":[0,5],"1":[5,5]}}
,"/Users/douglaspoma/Documents/Estudos/clean-tdd-mango/src/presentation/controllers/signup/SignUp.ts": {"path":"/Users/douglaspoma/Documents/Estudos/clean-tdd-mango/src/presentation/controllers/signup/SignUp.ts","statementMap":{"0":{"start":{"line":2,"column":0},"end":{"line":2,"column":68}},"1":{"start":{"line":3,"column":0},"end":{"line":3,"column":null}},"2":{"start":{"line":12,"column":12},"end":{"line":12,"column":42}},"3":{"start":{"line":13,"column":12},"end":{"line":13,"column":34}},"4":{"start":{"line":16,"column":4},"end":{"line":37,"column":null}},"5":{"start":{"line":17,"column":29},"end":{"line":22,"column":8}},"6":{"start":{"line":23,"column":6},"end":{"line":26,"column":null}},"7":{"start":{"line":24,"column":8},"end":{"line":25,"column":58}},"8":{"start":{"line":25,"column":10},"end":{"line":25,"column":58}},"9":{"start":{"line":27,"column":62},"end":{"line":27,"column":78}},"10":{"start":{"line":28,"column":6},"end":{"line":29,"column":73}},"11":{"start":{"line":29,"column":8},"end":{"line":29,"column":73}},"12":{"start":{"line":30,"column":6},"end":{"line":31,"column":58}},"13":{"start":{"line":31,"column":8},"end":{"line":31,"column":58}},"14":{"start":{"line":32,"column":22},"end":{"line":32,"column":74}},"15":{"start":{"line":33,"column":6},"end":{"line":33,"column":34}},"16":{"start":{"line":35,"column":6},"end":{"line":35,"column":25}},"17":{"start":{"line":36,"column":6},"end":{"line":36,"column":27}},"18":{"start":{"line":10,"column":0},"end":{"line":10,"column":21}}},"fnMap":{"0":{"name":"(anonymous_7)","decl":{"start":{"line":11,"column":2},"end":{"line":11,"column":null}},"loc":{"start":{"line":13,"column":34},"end":{"line":14,"column":6}}},"1":{"name":"(anonymous_8)","decl":{"start":{"line":15,"column":8},"end":{"line":15,"column":14}},"loc":{"start":{"line":15,"column":39},"end":{"line":38,"column":null}}}},"branchMap":{"0":{"loc":{"start":{"line":24,"column":8},"end":{"line":25,"column":58}},"type":"if","locations":[{"start":{"line":24,"column":8},"end":{"line":25,"column":58}}]},"1":{"loc":{"start":{"line":28,"column":6},"end":{"line":29,"column":73}},"type":"if","locations":[{"start":{"line":28,"column":6},"end":{"line":29,"column":73}}]},"2":{"loc":{"start":{"line":30,"column":6},"end":{"line":31,"column":58}},"type":"if","locations":[{"start":{"line":30,"column":6},"end":{"line":31,"column":58}}]}},"s":{"0":5,"1":5,"2":15,"3":15,"4":12,"5":12,"6":12,"7":42,"8":4,"9":8,"10":8,"11":1,"12":7,"13":1,"14":5,"15":4,"16":2,"17":2,"18":5},"f":{"0":15,"1":12},"b":{"0":[4],"1":[1],"2":[1]}}
,"/Users/douglaspoma/Documents/Estudos/clean-tdd-mango/src/presentation/controllers/signup/signup-protocols.ts": {"path":"/Users/douglaspoma/Documents/Estudos/clean-tdd-mango/src/presentation/controllers/signup/signup-protocols.ts","statementMap":{"0":{"start":{"line":1,"column":0},"end":{"line":1,"column":32}},"1":{"start":{"line":2,"column":0},"end":{"line":2,"column":47}},"2":{"start":{"line":3,"column":0},"end":{"line":3,"column":52}},"3":{"start":{"line":4,"column":0},"end":{"line":4,"column":47}}},"fnMap":{},"branchMap":{},"s":{"0":0,"1":0,"2":0,"3":0},"f":{},"b":{}}
,"/Users/douglaspoma/Documents/Estudos/clean-tdd-mango/src/presentation/errors/InvalidParamError.ts": {"path":"/Users/douglaspoma/Documents/Estudos/clean-tdd-mango/src/presentation/errors/InvalidParamError.ts","statementMap":{"0":{"start":{"line":3,"column":4},"end":{"line":3,"column":41}},"1":{"start":{"line":4,"column":4},"end":{"line":4,"column":36}},"2":{"start":{"line":1,"column":0},"end":{"line":1,"column":13}}},"fnMap":{"0":{"name":"(anonymous_0)","decl":{"start":{"line":2,"column":2},"end":{"line":2,"column":14}},"loc":{"start":{"line":2,"column":31},"end":{"line":5,"column":3}}}},"branchMap":{},"s":{"0":4,"1":4,"2":5},"f":{"0":4},"b":{}}
,"/Users/douglaspoma/Documents/Estudos/clean-tdd-mango/src/presentation/errors/MissingParamError.ts": {"path":"/Users/douglaspoma/Documents/Estudos/clean-tdd-mango/src/presentation/errors/MissingParamError.ts","statementMap":{"0":{"start":{"line":3,"column":4},"end":{"line":3,"column":41}},"1":{"start":{"line":4,"column":4},"end":{"line":4,"column":36}},"2":{"start":{"line":1,"column":0},"end":{"line":1,"column":13}}},"fnMap":{"0":{"name":"(anonymous_0)","decl":{"start":{"line":2,"column":2},"end":{"line":2,"column":14}},"loc":{"start":{"line":2,"column":31},"end":{"line":5,"column":3}}}},"branchMap":{},"s":{"0":8,"1":8,"2":5},"f":{"0":8},"b":{}}
,"/Users/douglaspoma/Documents/Estudos/clean-tdd-mango/src/presentation/errors/ServerError.ts": {"path":"/Users/douglaspoma/Documents/Estudos/clean-tdd-mango/src/presentation/errors/ServerError.ts","statementMap":{"0":{"start":{"line":3,"column":4},"end":{"line":3,"column":35}},"1":{"start":{"line":4,"column":4},"end":{"line":4,"column":30}},"2":{"start":{"line":1,"column":0},"end":{"line":1,"column":13}}},"fnMap":{"0":{"name":"(anonymous_0)","decl":{"start":{"line":2,"column":2},"end":{"line":2,"column":null}},"loc":{"start":{"line":2,"column":2},"end":{"line":5,"column":3}}}},"branchMap":{},"s":{"0":4,"1":4,"2":5},"f":{"0":4},"b":{}}
,"/Users/douglaspoma/Documents/Estudos/clean-tdd-mango/src/presentation/errors/index.ts": {"path":"/Users/douglaspoma/Documents/Estudos/clean-tdd-mango/src/presentation/errors/index.ts","statementMap":{"0":{"start":{"line":1,"column":0},"end":{"line":1,"column":36}},"1":{"start":{"line":2,"column":0},"end":{"line":2,"column":36}},"2":{"start":{"line":3,"column":0},"end":{"line":3,"column":30}}},"fnMap":{},"branchMap":{},"s":{"0":5,"1":5,"2":5},"f":{},"b":{}}
,"/Users/douglaspoma/Documents/Estudos/clean-tdd-mango/src/presentation/helpers/http-helper.ts": {"path":"/Users/douglaspoma/Documents/Estudos/clean-tdd-mango/src/presentation/helpers/http-helper.ts","statementMap":{"0":{"start":{"line":1,"column":0},"end":{"line":1,"column":40}},"1":{"start":{"line":4,"column":26},"end":{"line":7,"column":2}},"2":{"start":{"line":4,"column":59},"end":{"line":7,"column":2}},"3":{"start":{"line":4,"column":13},"end":{"line":4,"column":26}},"4":{"start":{"line":8,"column":27},"end":{"line":11,"column":2}},"5":{"start":{"line":8,"column":48},"end":{"line":11,"column":2}},"6":{"start":{"line":8,"column":13},"end":{"line":8,"column":27}},"7":{"start":{"line":12,"column":27},"end":{"line":15,"column":2}},"8":{"start":{"line":12,"column":57},"end":{"line":15,"column":2}},"9":{"start":{"line":12,"column":13},"end":{"line":12,"column":27}}},"fnMap":{"0":{"name":"(anonymous_0)","decl":{"start":{"line":4,"column":26},"end":{"line":4,"column":27}},"loc":{"start":{"line":4,"column":59},"end":{"line":7,"column":2}}},"1":{"name":"(anonymous_1)","decl":{"start":{"line":8,"column":27},"end":{"line":8,"column":44}},"loc":{"start":{"line":8,"column":48},"end":{"line":11,"column":2}}},"2":{"name":"(anonymous_2)","decl":{"start":{"line":12,"column":27},"end":{"line":12,"column":28}},"loc":{"start":{"line":12,"column":57},"end":{"line":15,"column":2}}}},"branchMap":{},"s":{"0":5,"1":5,"2":6,"3":5,"4":5,"5":2,"6":5,"7":5,"8":4,"9":5},"f":{"0":6,"1":2,"2":4},"b":{}}
,"/Users/douglaspoma/Documents/Estudos/clean-tdd-mango/src/presentation/protocols/index.ts": {"path":"/Users/douglaspoma/Documents/Estudos/clean-tdd-mango/src/presentation/protocols/index.ts","statementMap":{"0":{"start":{"line":1,"column":0},"end":{"line":1,"column":29}},"1":{"start":{"line":2,"column":0},"end":{"line":2,"column":23}}},"fnMap":{},"branchMap":{},"s":{"0":0,"1":0},"f":{},"b":{}}
,"/Users/douglaspoma/Documents/Estudos/clean-tdd-mango/src/utils/EmailValidatorAdpter.ts": {"path":"/Users/douglaspoma/Documents/Estudos/clean-tdd-mango/src/utils/EmailValidatorAdpter.ts","statementMap":{"0":{"start":{"line":1,"column":0},"end":{"line":1,"column":34}},"1":{"start":{"line":6,"column":4},"end":{"line":6,"column":36}},"2":{"start":{"line":4,"column":0},"end":{"line":4,"column":13}}},"fnMap":{"0":{"name":"(anonymous_1)","decl":{"start":{"line":5,"column":2},"end":{"line":5,"column":9}},"loc":{"start":{"line":5,"column":23},"end":{"line":7,"column":3}}}},"branchMap":{},"s":{"0":5,"1":4,"2":5},"f":{"0":4},"b":{}}
}
