{"/Users/douglaspoma/Documents/Estudos/clean-tdd-mango/src/application/usecases/DbAddAccount-protocols.ts": {"path":"/Users/douglaspoma/Documents/Estudos/clean-tdd-mango/src/application/usecases/DbAddAccount-protocols.ts","statementMap":{"0":{"start":{"line":1,"column":0},"end":{"line":1,"column":49}},"1":{"start":{"line":2,"column":0},"end":{"line":2,"column":44}},"2":{"start":{"line":3,"column":0},"end":{"line":3,"column":39}},"3":{"start":{"line":4,"column":0},"end":{"line":4,"column":50}}},"fnMap":{},"branchMap":{},"s":{"0":0,"1":0,"2":0,"3":0},"f":{},"b":{}}
,"/Users/douglaspoma/Documents/Estudos/clean-tdd-mango/src/application/usecases/DbAddAccount.ts": {"path":"/Users/douglaspoma/Documents/Estudos/clean-tdd-mango/src/application/usecases/DbAddAccount.ts","statementMap":{"0":{"start":{"line":11,"column":12},"end":{"line":11,"column":32}},"1":{"start":{"line":12,"column":12},"end":{"line":12,"column":44}},"2":{"start":{"line":15,"column":27},"end":{"line":15,"column":73}},"3":{"start":{"line":16,"column":26},"end":{"line":17,"column":null}},"4":{"start":{"line":19,"column":4},"end":{"line":19,"column":25}},"5":{"start":{"line":9,"column":0},"end":{"line":9,"column":13}}},"fnMap":{"0":{"name":"(anonymous_7)","decl":{"start":{"line":10,"column":2},"end":{"line":10,"column":null}},"loc":{"start":{"line":12,"column":44},"end":{"line":13,"column":6}}},"1":{"name":"(anonymous_8)","decl":{"start":{"line":14,"column":8},"end":{"line":14,"column":11}},"loc":{"start":{"line":14,"column":36},"end":{"line":20,"column":null}}}},"branchMap":{},"s":{"0":9,"1":9,"2":6,"3":5,"4":4,"5":5},"f":{"0":9,"1":6},"b":{}}
,"/Users/douglaspoma/Documents/Estudos/clean-tdd-mango/src/infra/crypto/BCryptAdapter.ts": {"path":"/Users/douglaspoma/Documents/Estudos/clean-tdd-mango/src/infra/crypto/BCryptAdapter.ts","statementMap":{"0":{"start":{"line":1,"column":0},"end":{"line":1,"column":28}},"1":{"start":{"line":5,"column":31},"end":{"line":5,"column":43}},"2":{"start":{"line":7,"column":24},"end":{"line":7,"column":59}},"3":{"start":{"line":8,"column":4},"end":{"line":8,"column":23}},"4":{"start":{"line":4,"column":0},"end":{"line":4,"column":13}}},"fnMap":{"0":{"name":"(anonymous_8)","decl":{"start":{"line":5,"column":2},"end":{"line":5,"column":31}},"loc":{"start":{"line":5,"column":43},"end":{"line":5,"column":47}}},"1":{"name":"(anonymous_9)","decl":{"start":{"line":6,"column":8},"end":{"line":6,"column":15}},"loc":{"start":{"line":6,"column":29},"end":{"line":9,"column":null}}}},"branchMap":{},"s":{"0":5,"1":7,"2":4,"3":3,"4":5},"f":{"0":7,"1":4},"b":{}}
,"/Users/douglaspoma/Documents/Estudos/clean-tdd-mango/src/infra/db/mongodb/MongoAccountRepository.ts": {"path":"/Users/douglaspoma/Documents/Estudos/clean-tdd-mango/src/infra/db/mongodb/MongoAccountRepository.ts","statementMap":{"0":{"start":{"line":4,"column":0},"end":{"line":4,"column":53}},"1":{"start":{"line":8,"column":30},"end":{"line":8,"column":73}},"2":{"start":{"line":9,"column":27},"end":{"line":9,"column":69}},"3":{"start":{"line":10,"column":4},"end":{"line":12,"column":null}},"4":{"start":{"line":6,"column":0},"end":{"line":6,"column":13}}},"fnMap":{"0":{"name":"(anonymous_7)","decl":{"start":{"line":7,"column":8},"end":{"line":7,"column":11}},"loc":{"start":{"line":7,"column":36},"end":{"line":14,"column":null}}}},"branchMap":{},"s":{"0":5,"1":2,"2":2,"3":2,"4":5},"f":{"0":2},"b":{}}
,"/Users/douglaspoma/Documents/Estudos/clean-tdd-mango/src/infra/db/mongodb/MongoLogRepository.ts": {"path":"/Users/douglaspoma/Documents/Estudos/clean-tdd-mango/src/infra/db/mongodb/MongoLogRepository.ts","statementMap":{"0":{"start":{"line":2,"column":0},"end":{"line":2,"column":53}},"1":{"start":{"line":6,"column":27},"end":{"line":6,"column":68}},"2":{"start":{"line":7,"column":4},"end":{"line":7,"column":69}},"3":{"start":{"line":4,"column":0},"end":{"line":4,"column":13}}},"fnMap":{"0":{"name":"(anonymous_7)","decl":{"start":{"line":5,"column":8},"end":{"line":5,"column":11}},"loc":{"start":{"line":5,"column":30},"end":{"line":8,"column":null}}}},"branchMap":{},"s":{"0":5,"1":1,"2":1,"3":5},"f":{"0":1},"b":{}}
,"/Users/douglaspoma/Documents/Estudos/clean-tdd-mango/src/infra/db/mongodb/helpers/mongo-helper.ts": {"path":"/Users/douglaspoma/Documents/Estudos/clean-tdd-mango/src/infra/db/mongodb/helpers/mongo-helper.ts","statementMap":{"0":{"start":{"line":1,"column":0},"end":{"line":1,"column":50}},"1":{"start":{"line":2,"column":28},"end":{"line":2,"column":58}},"2":{"start":{"line":3,"column":13},"end":{"line":22,"column":2}},"3":{"start":{"line":7,"column":4},"end":{"line":7,"column":19}},"4":{"start":{"line":8,"column":4},"end":{"line":8,"column":49}},"5":{"start":{"line":11,"column":4},"end":{"line":11,"column":47}},"6":{"start":{"line":11,"column":21},"end":{"line":11,"column":47}},"7":{"start":{"line":12,"column":4},"end":{"line":12,"column":49}},"8":{"start":{"line":15,"column":4},"end":{"line":15,"column":51}},"9":{"start":{"line":15,"column":22},"end":{"line":15,"column":51}},"10":{"start":{"line":16,"column":4},"end":{"line":16,"column":51}},"11":{"start":{"line":19,"column":38},"end":{"line":19,"column":42}},"12":{"start":{"line":19,"column":33},"end":{"line":19,"column":38}},"13":{"start":{"line":20,"column":4},"end":{"line":20,"column":57}}},"fnMap":{"0":{"name":"(anonymous_8)","decl":{"start":{"line":6,"column":8},"end":{"line":6,"column":15}},"loc":{"start":{"line":6,"column":27},"end":{"line":9,"column":null}}},"1":{"name":"(anonymous_10)","decl":{"start":{"line":10,"column":8},"end":{"line":10,"column":18}},"loc":{"start":{"line":10,"column":18},"end":{"line":13,"column":null}}},"2":{"name":"(anonymous_12)","decl":{"start":{"line":14,"column":8},"end":{"line":14,"column":21}},"loc":{"start":{"line":14,"column":34},"end":{"line":17,"column":null}}},"3":{"name":"(anonymous_14)","decl":{"start":{"line":18,"column":2},"end":{"line":18,"column":5}},"loc":{"start":{"line":18,"column":29},"end":{"line":21,"column":3}}}},"branchMap":{"0":{"loc":{"start":{"line":11,"column":4},"end":{"line":11,"column":47}},"type":"if","locations":[{"start":{"line":11,"column":4},"end":{"line":11,"column":47}}]},"1":{"loc":{"start":{"line":15,"column":4},"end":{"line":15,"column":51}},"type":"if","locations":[{"start":{"line":15,"column":4},"end":{"line":15,"column":51}}]}},"s":{"0":7,"1":7,"2":7,"3":5,"4":5,"5":5,"6":4,"7":5,"8":9,"9":1,"10":8,"11":0,"12":0,"13":0},"f":{"0":5,"1":5,"2":9,"3":0},"b":{"0":[4],"1":[1]}}
,"/Users/douglaspoma/Documents/Estudos/clean-tdd-mango/src/presentation/controllers/login/LoginController.ts": {"path":"/Users/douglaspoma/Documents/Estudos/clean-tdd-mango/src/presentation/controllers/login/LoginController.ts","statementMap":{"0":{"start":{"line":2,"column":0},"end":{"line":2,"column":68}},"1":{"start":{"line":3,"column":0},"end":{"line":3,"column":null}},"2":{"start":{"line":14,"column":21},"end":{"line":14,"column":51}},"3":{"start":{"line":15,"column":21},"end":{"line":15,"column":51}},"4":{"start":{"line":18,"column":4},"end":{"line":32,"column":null}},"5":{"start":{"line":19,"column":29},"end":{"line":19,"column":50}},"6":{"start":{"line":20,"column":6},"end":{"line":23,"column":null}},"7":{"start":{"line":21,"column":8},"end":{"line":22,"column":58}},"8":{"start":{"line":22,"column":10},"end":{"line":22,"column":58}},"9":{"start":{"line":24,"column":34},"end":{"line":24,"column":50}},"10":{"start":{"line":25,"column":27},"end":{"line":25,"column":61}},"11":{"start":{"line":26,"column":6},"end":{"line":26,"column":75}},"12":{"start":{"line":26,"column":25},"end":{"line":26,"column":75}},"13":{"start":{"line":27,"column":20},"end":{"line":27,"column":67}},"14":{"start":{"line":28,"column":6},"end":{"line":28,"column":39}},"15":{"start":{"line":28,"column":18},"end":{"line":28,"column":39}},"16":{"start":{"line":29,"column":6},"end":{"line":29,"column":49}},"17":{"start":{"line":31,"column":6},"end":{"line":31,"column":41}},"18":{"start":{"line":12,"column":0},"end":{"line":12,"column":13}}},"fnMap":{"0":{"name":"(anonymous_7)","decl":{"start":{"line":13,"column":2},"end":{"line":13,"column":null}},"loc":{"start":{"line":15,"column":51},"end":{"line":16,"column":6}}},"1":{"name":"(anonymous_8)","decl":{"start":{"line":17,"column":8},"end":{"line":17,"column":14}},"loc":{"start":{"line":17,"column":39},"end":{"line":33,"column":null}}}},"branchMap":{"0":{"loc":{"start":{"line":21,"column":8},"end":{"line":22,"column":58}},"type":"if","locations":[{"start":{"line":21,"column":8},"end":{"line":22,"column":58}}]},"1":{"loc":{"start":{"line":26,"column":6},"end":{"line":26,"column":75}},"type":"if","locations":[{"start":{"line":26,"column":6},"end":{"line":26,"column":75}}]},"2":{"loc":{"start":{"line":28,"column":6},"end":{"line":28,"column":39}},"type":"if","locations":[{"start":{"line":28,"column":6},"end":{"line":28,"column":39}}]}},"s":{"0":1,"1":1,"2":9,"3":9,"4":9,"5":9,"6":9,"7":17,"8":2,"9":7,"10":7,"11":6,"12":1,"13":5,"14":4,"15":1,"16":3,"17":2,"18":1},"f":{"0":9,"1":9},"b":{"0":[2],"1":[1],"2":[1]}}
,"/Users/douglaspoma/Documents/Estudos/clean-tdd-mango/src/presentation/controllers/signup/SignUp.ts": {"path":"/Users/douglaspoma/Documents/Estudos/clean-tdd-mango/src/presentation/controllers/signup/SignUp.ts","statementMap":{"0":{"start":{"line":3,"column":0},"end":{"line":3,"column":null}},"1":{"start":{"line":12,"column":22},"end":{"line":12,"column":44}},"2":{"start":{"line":12,"column":54},"end":{"line":12,"column":76}},"3":{"start":{"line":14,"column":4},"end":{"line":22,"column":null}},"4":{"start":{"line":15,"column":30},"end":{"line":15,"column":72}},"5":{"start":{"line":16,"column":6},"end":{"line":16,"column":62}},"6":{"start":{"line":16,"column":27},"end":{"line":16,"column":62}},"7":{"start":{"line":17,"column":40},"end":{"line":17,"column":56}},"8":{"start":{"line":18,"column":22},"end":{"line":18,"column":74}},"9":{"start":{"line":19,"column":6},"end":{"line":19,"column":34}},"10":{"start":{"line":21,"column":6},"end":{"line":21,"column":52}},"11":{"start":{"line":11,"column":0},"end":{"line":11,"column":21}}},"fnMap":{"0":{"name":"(anonymous_7)","decl":{"start":{"line":12,"column":2},"end":{"line":12,"column":22}},"loc":{"start":{"line":12,"column":76},"end":{"line":12,"column":80}}},"1":{"name":"(anonymous_8)","decl":{"start":{"line":13,"column":8},"end":{"line":13,"column":14}},"loc":{"start":{"line":13,"column":39},"end":{"line":23,"column":null}}}},"branchMap":{"0":{"loc":{"start":{"line":16,"column":6},"end":{"line":16,"column":62}},"type":"if","locations":[{"start":{"line":16,"column":6},"end":{"line":16,"column":62}}]}},"s":{"0":5,"1":9,"2":9,"3":6,"4":6,"5":6,"6":1,"7":5,"8":5,"9":4,"10":1,"11":5},"f":{"0":9,"1":6},"b":{"0":[1]}}
,"/Users/douglaspoma/Documents/Estudos/clean-tdd-mango/src/presentation/controllers/signup/signup-protocols.ts": {"path":"/Users/douglaspoma/Documents/Estudos/clean-tdd-mango/src/presentation/controllers/signup/signup-protocols.ts","statementMap":{"0":{"start":{"line":1,"column":0},"end":{"line":1,"column":32}},"1":{"start":{"line":2,"column":0},"end":{"line":2,"column":47}},"2":{"start":{"line":3,"column":0},"end":{"line":3,"column":52}},"3":{"start":{"line":4,"column":0},"end":{"line":4,"column":47}}},"fnMap":{},"branchMap":{},"s":{"0":0,"1":0,"2":0,"3":0},"f":{},"b":{}}
,"/Users/douglaspoma/Documents/Estudos/clean-tdd-mango/src/presentation/errors/InvalidParamError.ts": {"path":"/Users/douglaspoma/Documents/Estudos/clean-tdd-mango/src/presentation/errors/InvalidParamError.ts","statementMap":{"0":{"start":{"line":3,"column":4},"end":{"line":3,"column":41}},"1":{"start":{"line":4,"column":4},"end":{"line":4,"column":36}},"2":{"start":{"line":1,"column":0},"end":{"line":1,"column":13}}},"fnMap":{"0":{"name":"(anonymous_0)","decl":{"start":{"line":2,"column":2},"end":{"line":2,"column":14}},"loc":{"start":{"line":2,"column":31},"end":{"line":5,"column":3}}}},"branchMap":{},"s":{"0":6,"1":6,"2":11},"f":{"0":6},"b":{}}
,"/Users/douglaspoma/Documents/Estudos/clean-tdd-mango/src/presentation/errors/MissingParamError.ts": {"path":"/Users/douglaspoma/Documents/Estudos/clean-tdd-mango/src/presentation/errors/MissingParamError.ts","statementMap":{"0":{"start":{"line":3,"column":4},"end":{"line":3,"column":41}},"1":{"start":{"line":4,"column":4},"end":{"line":4,"column":36}},"2":{"start":{"line":1,"column":0},"end":{"line":1,"column":13}}},"fnMap":{"0":{"name":"(anonymous_0)","decl":{"start":{"line":2,"column":2},"end":{"line":2,"column":14}},"loc":{"start":{"line":2,"column":31},"end":{"line":5,"column":3}}}},"branchMap":{},"s":{"0":8,"1":8,"2":11},"f":{"0":8},"b":{}}
,"/Users/douglaspoma/Documents/Estudos/clean-tdd-mango/src/presentation/errors/ServerError.ts": {"path":"/Users/douglaspoma/Documents/Estudos/clean-tdd-mango/src/presentation/errors/ServerError.ts","statementMap":{"0":{"start":{"line":3,"column":4},"end":{"line":3,"column":35}},"1":{"start":{"line":4,"column":4},"end":{"line":4,"column":30}},"2":{"start":{"line":5,"column":4},"end":{"line":5,"column":23}},"3":{"start":{"line":1,"column":0},"end":{"line":1,"column":13}}},"fnMap":{"0":{"name":"(anonymous_0)","decl":{"start":{"line":2,"column":2},"end":{"line":2,"column":14}},"loc":{"start":{"line":2,"column":24},"end":{"line":6,"column":3}}}},"branchMap":{"0":{"loc":{"start":{"line":2,"column":14},"end":{"line":2,"column":24}},"type":"default-arg","locations":[{"start":{"line":2,"column":22},"end":{"line":2,"column":24}}]}},"s":{"0":7,"1":7,"2":7,"3":11},"f":{"0":7},"b":{"0":[0]}}
,"/Users/douglaspoma/Documents/Estudos/clean-tdd-mango/src/presentation/errors/UnauthorizedError.ts": {"path":"/Users/douglaspoma/Documents/Estudos/clean-tdd-mango/src/presentation/errors/UnauthorizedError.ts","statementMap":{"0":{"start":{"line":3,"column":4},"end":{"line":3,"column":26}},"1":{"start":{"line":4,"column":4},"end":{"line":4,"column":36}},"2":{"start":{"line":1,"column":0},"end":{"line":1,"column":13}}},"fnMap":{"0":{"name":"(anonymous_0)","decl":{"start":{"line":2,"column":2},"end":{"line":2,"column":null}},"loc":{"start":{"line":2,"column":2},"end":{"line":5,"column":3}}}},"branchMap":{},"s":{"0":2,"1":2,"2":11},"f":{"0":2},"b":{}}
,"/Users/douglaspoma/Documents/Estudos/clean-tdd-mango/src/presentation/errors/index.ts": {"path":"/Users/douglaspoma/Documents/Estudos/clean-tdd-mango/src/presentation/errors/index.ts","statementMap":{"0":{"start":{"line":1,"column":0},"end":{"line":1,"column":36}},"1":{"start":{"line":2,"column":0},"end":{"line":2,"column":36}},"2":{"start":{"line":3,"column":0},"end":{"line":3,"column":30}},"3":{"start":{"line":4,"column":0},"end":{"line":4,"column":36}}},"fnMap":{},"branchMap":{},"s":{"0":11,"1":11,"2":11,"3":11},"f":{},"b":{}}
,"/Users/douglaspoma/Documents/Estudos/clean-tdd-mango/src/presentation/helpers/http-helper.ts": {"path":"/Users/douglaspoma/Documents/Estudos/clean-tdd-mango/src/presentation/helpers/http-helper.ts","statementMap":{"0":{"start":{"line":1,"column":0},"end":{"line":1,"column":59}},"1":{"start":{"line":4,"column":26},"end":{"line":7,"column":2}},"2":{"start":{"line":4,"column":59},"end":{"line":7,"column":2}},"3":{"start":{"line":4,"column":13},"end":{"line":4,"column":26}},"4":{"start":{"line":8,"column":27},"end":{"line":11,"column":2}},"5":{"start":{"line":8,"column":48},"end":{"line":11,"column":2}},"6":{"start":{"line":8,"column":13},"end":{"line":8,"column":27}},"7":{"start":{"line":12,"column":27},"end":{"line":15,"column":2}},"8":{"start":{"line":12,"column":60},"end":{"line":15,"column":2}},"9":{"start":{"line":12,"column":13},"end":{"line":12,"column":27}},"10":{"start":{"line":16,"column":27},"end":{"line":19,"column":2}},"11":{"start":{"line":16,"column":57},"end":{"line":19,"column":2}},"12":{"start":{"line":16,"column":13},"end":{"line":16,"column":27}}},"fnMap":{"0":{"name":"(anonymous_0)","decl":{"start":{"line":4,"column":26},"end":{"line":4,"column":27}},"loc":{"start":{"line":4,"column":59},"end":{"line":7,"column":2}}},"1":{"name":"(anonymous_1)","decl":{"start":{"line":8,"column":27},"end":{"line":8,"column":44}},"loc":{"start":{"line":8,"column":48},"end":{"line":11,"column":2}}},"2":{"name":"(anonymous_2)","decl":{"start":{"line":12,"column":27},"end":{"line":12,"column":28}},"loc":{"start":{"line":12,"column":60},"end":{"line":15,"column":2}}},"3":{"name":"(anonymous_3)","decl":{"start":{"line":16,"column":27},"end":{"line":16,"column":28}},"loc":{"start":{"line":16,"column":57},"end":{"line":19,"column":2}}}},"branchMap":{},"s":{"0":7,"1":7,"2":8,"3":7,"4":7,"5":2,"6":7,"7":7,"8":7,"9":7,"10":7,"11":12,"12":7},"f":{"0":8,"1":2,"2":7,"3":12},"b":{}}
,"/Users/douglaspoma/Documents/Estudos/clean-tdd-mango/src/presentation/helpers/validator/CompareFieldsValidation.ts": {"path":"/Users/douglaspoma/Documents/Estudos/clean-tdd-mango/src/presentation/helpers/validator/CompareFieldsValidation.ts","statementMap":{"0":{"start":{"line":1,"column":0},"end":{"line":1,"column":49}},"1":{"start":{"line":6,"column":21},"end":{"line":6,"column":38}},"2":{"start":{"line":7,"column":21},"end":{"line":7,"column":47}},"3":{"start":{"line":10,"column":4},"end":{"line":11,"column":60}},"4":{"start":{"line":11,"column":6},"end":{"line":11,"column":60}},"5":{"start":{"line":12,"column":4},"end":{"line":12,"column":16}},"6":{"start":{"line":4,"column":0},"end":{"line":4,"column":13}}},"fnMap":{"0":{"name":"(anonymous_0)","decl":{"start":{"line":5,"column":2},"end":{"line":5,"column":null}},"loc":{"start":{"line":7,"column":47},"end":{"line":8,"column":6}}},"1":{"name":"(anonymous_1)","decl":{"start":{"line":9,"column":2},"end":{"line":9,"column":10}},"loc":{"start":{"line":9,"column":21},"end":{"line":13,"column":3}}}},"branchMap":{"0":{"loc":{"start":{"line":10,"column":4},"end":{"line":11,"column":60}},"type":"if","locations":[{"start":{"line":10,"column":4},"end":{"line":11,"column":60}}]}},"s":{"0":6,"1":8,"2":8,"3":3,"4":1,"5":2,"6":6},"f":{"0":8,"1":3},"b":{"0":[1]}}
,"/Users/douglaspoma/Documents/Estudos/clean-tdd-mango/src/presentation/helpers/validator/EmailValidation.ts": {"path":"/Users/douglaspoma/Documents/Estudos/clean-tdd-mango/src/presentation/helpers/validator/EmailValidation.ts","statementMap":{"0":{"start":{"line":1,"column":0},"end":{"line":1,"column":49}},"1":{"start":{"line":7,"column":21},"end":{"line":7,"column":38}},"2":{"start":{"line":8,"column":21},"end":{"line":8,"column":51}},"3":{"start":{"line":11,"column":4},"end":{"line":12,"column":51}},"4":{"start":{"line":12,"column":6},"end":{"line":12,"column":51}},"5":{"start":{"line":13,"column":4},"end":{"line":13,"column":16}},"6":{"start":{"line":5,"column":0},"end":{"line":5,"column":13}}},"fnMap":{"0":{"name":"(anonymous_0)","decl":{"start":{"line":6,"column":2},"end":{"line":6,"column":null}},"loc":{"start":{"line":8,"column":51},"end":{"line":9,"column":6}}},"1":{"name":"(anonymous_1)","decl":{"start":{"line":10,"column":2},"end":{"line":10,"column":10}},"loc":{"start":{"line":10,"column":21},"end":{"line":14,"column":3}}}},"branchMap":{"0":{"loc":{"start":{"line":11,"column":4},"end":{"line":12,"column":51}},"type":"if","locations":[{"start":{"line":11,"column":4},"end":{"line":12,"column":51}}]}},"s":{"0":6,"1":9,"2":9,"3":4,"4":1,"5":2,"6":6},"f":{"0":9,"1":4},"b":{"0":[1]}}
,"/Users/douglaspoma/Documents/Estudos/clean-tdd-mango/src/presentation/helpers/validator/RequiredFIeldValidation.ts": {"path":"/Users/douglaspoma/Documents/Estudos/clean-tdd-mango/src/presentation/helpers/validator/RequiredFIeldValidation.ts","statementMap":{"0":{"start":{"line":1,"column":0},"end":{"line":1,"column":49}},"1":{"start":{"line":5,"column":31},"end":{"line":5,"column":48}},"2":{"start":{"line":7,"column":4},"end":{"line":7,"column":77}},"3":{"start":{"line":7,"column":32},"end":{"line":7,"column":77}},"4":{"start":{"line":8,"column":4},"end":{"line":8,"column":16}},"5":{"start":{"line":4,"column":0},"end":{"line":4,"column":13}}},"fnMap":{"0":{"name":"(anonymous_0)","decl":{"start":{"line":5,"column":2},"end":{"line":5,"column":31}},"loc":{"start":{"line":5,"column":48},"end":{"line":5,"column":52}}},"1":{"name":"(anonymous_1)","decl":{"start":{"line":6,"column":2},"end":{"line":6,"column":10}},"loc":{"start":{"line":6,"column":21},"end":{"line":9,"column":3}}}},"branchMap":{"0":{"loc":{"start":{"line":7,"column":4},"end":{"line":7,"column":77}},"type":"if","locations":[{"start":{"line":7,"column":4},"end":{"line":7,"column":77}}]}},"s":{"0":6,"1":26,"2":6,"3":1,"4":5,"5":6},"f":{"0":26,"1":6},"b":{"0":[1]}}
,"/Users/douglaspoma/Documents/Estudos/clean-tdd-mango/src/presentation/helpers/validator/ValidationComposite.ts": {"path":"/Users/douglaspoma/Documents/Estudos/clean-tdd-mango/src/presentation/helpers/validator/ValidationComposite.ts","statementMap":{"0":{"start":{"line":4,"column":22},"end":{"line":4,"column":47}},"1":{"start":{"line":6,"column":4},"end":{"line":9,"column":null}},"2":{"start":{"line":7,"column":20},"end":{"line":7,"column":46}},"3":{"start":{"line":8,"column":6},"end":{"line":8,"column":39}},"4":{"start":{"line":8,"column":17},"end":{"line":8,"column":39}},"5":{"start":{"line":10,"column":4},"end":{"line":10,"column":16}},"6":{"start":{"line":3,"column":0},"end":{"line":3,"column":13}}},"fnMap":{"0":{"name":"(anonymous_0)","decl":{"start":{"line":4,"column":2},"end":{"line":4,"column":22}},"loc":{"start":{"line":4,"column":47},"end":{"line":4,"column":51}}},"1":{"name":"(anonymous_1)","decl":{"start":{"line":5,"column":2},"end":{"line":5,"column":10}},"loc":{"start":{"line":5,"column":21},"end":{"line":11,"column":3}}}},"branchMap":{"0":{"loc":{"start":{"line":8,"column":6},"end":{"line":8,"column":39}},"type":"if","locations":[{"start":{"line":8,"column":6},"end":{"line":8,"column":39}}]}},"s":{"0":4,"1":1,"2":6,"3":6,"4":0,"5":1,"6":5},"f":{"0":4,"1":1},"b":{"0":[0]}}
,"/Users/douglaspoma/Documents/Estudos/clean-tdd-mango/src/presentation/protocols/index.ts": {"path":"/Users/douglaspoma/Documents/Estudos/clean-tdd-mango/src/presentation/protocols/index.ts","statementMap":{"0":{"start":{"line":1,"column":0},"end":{"line":1,"column":29}},"1":{"start":{"line":2,"column":0},"end":{"line":2,"column":23}}},"fnMap":{},"branchMap":{},"s":{"0":0,"1":0},"f":{},"b":{}}
,"/Users/douglaspoma/Documents/Estudos/clean-tdd-mango/src/utils/EmailValidatorAdpter.ts": {"path":"/Users/douglaspoma/Documents/Estudos/clean-tdd-mango/src/utils/EmailValidatorAdpter.ts","statementMap":{"0":{"start":{"line":1,"column":0},"end":{"line":1,"column":34}},"1":{"start":{"line":6,"column":4},"end":{"line":6,"column":36}},"2":{"start":{"line":4,"column":0},"end":{"line":4,"column":13}}},"fnMap":{"0":{"name":"(anonymous_1)","decl":{"start":{"line":5,"column":2},"end":{"line":5,"column":9}},"loc":{"start":{"line":5,"column":23},"end":{"line":7,"column":3}}}},"branchMap":{},"s":{"0":6,"1":4,"2":6},"f":{"0":4},"b":{}}
}
