TN:
SF:src/application/usecases/DbAddAccount-protocols.ts
FNF:0
FNH:0
DA:1,0
DA:2,0
DA:3,0
DA:4,0
LF:4
LH:0
BRF:0
BRH:0
end_of_record
TN:
SF:src/application/usecases/DbAddAccount.ts
FN:10,(anonymous_7)
FN:14,(anonymous_8)
FNF:2
FNH:2
FNDA:9,(anonymous_7)
FNDA:6,(anonymous_8)
DA:9,5
DA:11,9
DA:12,9
DA:15,6
DA:16,5
DA:19,4
LF:6
LH:6
BRF:0
BRH:0
end_of_record
TN:
SF:src/infra/crypto/BCryptAdapter.ts
FN:5,(anonymous_8)
FN:6,(anonymous_9)
FNF:2
FNH:2
FNDA:7,(anonymous_8)
FNDA:4,(anonymous_9)
DA:1,5
DA:4,5
DA:5,7
DA:7,4
DA:8,3
LF:5
LH:5
BRF:0
BRH:0
end_of_record
TN:
SF:src/infra/db/mongodb/MongoAccountRepository.ts
FN:7,(anonymous_7)
FNF:1
FNH:1
FNDA:2,(anonymous_7)
DA:4,5
DA:6,5
DA:8,2
DA:9,2
DA:10,2
LF:5
LH:5
BRF:0
BRH:0
end_of_record
TN:
SF:src/infra/db/mongodb/MongoLogRepository.ts
FN:5,(anonymous_7)
FNF:1
FNH:1
FNDA:1,(anonymous_7)
DA:2,5
DA:4,5
DA:6,1
DA:7,1
LF:4
LH:4
BRF:0
BRH:0
end_of_record
TN:
SF:src/infra/db/mongodb/helpers/mongo-helper.ts
FN:6,(anonymous_8)
FN:10,(anonymous_10)
FN:14,(anonymous_12)
FN:18,(anonymous_14)
FNF:4
FNH:3
FNDA:5,(anonymous_8)
FNDA:5,(anonymous_10)
FNDA:9,(anonymous_12)
FNDA:0,(anonymous_14)
DA:1,7
DA:2,7
DA:3,7
DA:7,5
DA:8,5
DA:11,5
DA:12,5
DA:15,9
DA:16,8
DA:19,0
DA:20,0
LF:11
LH:9
BRDA:11,0,0,4
BRDA:15,1,0,1
BRF:2
BRH:2
end_of_record
TN:
SF:src/presentation/controllers/login/LoginController.ts
FN:13,(anonymous_7)
FN:17,(anonymous_8)
FNF:2
FNH:2
FNDA:9,(anonymous_7)
FNDA:9,(anonymous_8)
DA:2,1
DA:3,1
DA:12,1
DA:14,9
DA:15,9
DA:18,9
DA:19,9
DA:20,9
DA:21,17
DA:22,2
DA:24,7
DA:25,7
DA:26,6
DA:27,5
DA:28,4
DA:29,3
DA:31,2
LF:17
LH:17
BRDA:21,0,0,2
BRDA:26,1,0,1
BRDA:28,2,0,1
BRF:3
BRH:3
end_of_record
TN:
SF:src/presentation/controllers/signup/SignUp.ts
FN:12,(anonymous_7)
FN:13,(anonymous_8)
FNF:2
FNH:2
FNDA:9,(anonymous_7)
FNDA:6,(anonymous_8)
DA:3,5
DA:11,5
DA:12,9
DA:14,6
DA:15,6
DA:16,6
DA:17,5
DA:18,5
DA:19,4
DA:21,1
LF:10
LH:10
BRDA:16,0,0,1
BRF:1
BRH:1
end_of_record
TN:
SF:src/presentation/controllers/signup/signup-protocols.ts
FNF:0
FNH:0
DA:1,0
DA:2,0
DA:3,0
DA:4,0
LF:4
LH:0
BRF:0
BRH:0
end_of_record
TN:
SF:src/presentation/errors/InvalidParamError.ts
FN:2,(anonymous_0)
FNF:1
FNH:1
FNDA:6,(anonymous_0)
DA:1,11
DA:3,6
DA:4,6
LF:3
LH:3
BRF:0
BRH:0
end_of_record
TN:
SF:src/presentation/errors/MissingParamError.ts
FN:2,(anonymous_0)
FNF:1
FNH:1
FNDA:8,(anonymous_0)
DA:1,11
DA:3,8
DA:4,8
LF:3
LH:3
BRF:0
BRH:0
end_of_record
TN:
SF:src/presentation/errors/ServerError.ts
FN:2,(anonymous_0)
FNF:1
FNH:1
FNDA:7,(anonymous_0)
DA:1,11
DA:3,7
DA:4,7
DA:5,7
LF:4
LH:4
BRDA:2,0,0,0
BRF:1
BRH:0
end_of_record
TN:
SF:src/presentation/errors/UnauthorizedError.ts
FN:2,(anonymous_0)
FNF:1
FNH:1
FNDA:2,(anonymous_0)
DA:1,11
DA:3,2
DA:4,2
LF:3
LH:3
BRF:0
BRH:0
end_of_record
TN:
SF:src/presentation/errors/index.ts
FNF:0
FNH:0
DA:1,11
DA:2,11
DA:3,11
DA:4,11
LF:4
LH:4
BRF:0
BRH:0
end_of_record
TN:
SF:src/presentation/helpers/http-helper.ts
FN:4,(anonymous_0)
FN:8,(anonymous_1)
FN:12,(anonymous_2)
FN:16,(anonymous_3)
FNF:4
FNH:4
FNDA:8,(anonymous_0)
FNDA:2,(anonymous_1)
FNDA:7,(anonymous_2)
FNDA:12,(anonymous_3)
DA:1,7
DA:4,8
DA:8,7
DA:12,7
DA:16,12
LF:5
LH:5
BRF:0
BRH:0
end_of_record
TN:
SF:src/presentation/helpers/validator/CompareFieldsValidation.ts
FN:5,(anonymous_0)
FN:9,(anonymous_1)
FNF:2
FNH:2
FNDA:8,(anonymous_0)
FNDA:3,(anonymous_1)
DA:1,6
DA:4,6
DA:6,8
DA:7,8
DA:10,3
DA:11,1
DA:12,2
LF:7
LH:7
BRDA:10,0,0,1
BRF:1
BRH:1
end_of_record
TN:
SF:src/presentation/helpers/validator/EmailValidation.ts
FN:6,(anonymous_0)
FN:10,(anonymous_1)
FNF:2
FNH:2
FNDA:9,(anonymous_0)
FNDA:4,(anonymous_1)
DA:1,6
DA:5,6
DA:7,9
DA:8,9
DA:11,4
DA:12,1
DA:13,2
LF:7
LH:7
BRDA:11,0,0,1
BRF:1
BRH:1
end_of_record
TN:
SF:src/presentation/helpers/validator/RequiredFIeldValidation.ts
FN:5,(anonymous_0)
FN:6,(anonymous_1)
FNF:2
FNH:2
FNDA:26,(anonymous_0)
FNDA:6,(anonymous_1)
DA:1,6
DA:4,6
DA:5,26
DA:7,6
DA:8,5
LF:5
LH:5
BRDA:7,0,0,1
BRF:1
BRH:1
end_of_record
TN:
SF:src/presentation/helpers/validator/ValidationComposite.ts
FN:4,(anonymous_0)
FN:5,(anonymous_1)
FNF:2
FNH:2
FNDA:4,(anonymous_0)
FNDA:1,(anonymous_1)
DA:3,5
DA:4,4
DA:6,1
DA:7,6
DA:8,6
DA:10,1
LF:6
LH:6
BRDA:8,0,0,0
BRF:1
BRH:0
end_of_record
TN:
SF:src/presentation/protocols/index.ts
FNF:0
FNH:0
DA:1,0
DA:2,0
LF:2
LH:0
BRF:0
BRH:0
end_of_record
TN:
SF:src/utils/EmailValidatorAdpter.ts
FN:5,(anonymous_1)
FNF:1
FNH:1
FNDA:4,(anonymous_1)
DA:1,6
DA:4,6
DA:6,4
LF:3
LH:3
BRF:0
BRH:0
end_of_record
