TN:
SF:src/application/usecases/DbAddAccount-protocols.ts
FNF:0
FNH:0
DA:1,0
DA:2,0
DA:3,0
DA:4,0
LF:4
LH:0
BRF:0
BRH:0
end_of_record
TN:
SF:src/application/usecases/DbAddAccount.ts
FN:10,(anonymous_7)
FN:14,(anonymous_8)
FNF:2
FNH:2
FNDA:9,(anonymous_7)
FNDA:6,(anonymous_8)
DA:9,5
DA:11,9
DA:12,9
DA:15,6
DA:16,5
DA:19,4
LF:6
LH:6
BRF:0
BRH:0
end_of_record
TN:
SF:src/infra/crypto/BCryptAdapter.ts
FN:5,(anonymous_8)
FN:6,(anonymous_9)
FNF:2
FNH:2
FNDA:7,(anonymous_8)
FNDA:4,(anonymous_9)
DA:1,5
DA:4,5
DA:5,7
DA:7,4
DA:8,3
LF:5
LH:5
BRF:0
BRH:0
end_of_record
TN:
SF:src/infra/db/mongodb/MongoAccountRepository.ts
FN:7,(anonymous_7)
FNF:1
FNH:1
FNDA:2,(anonymous_7)
DA:4,5
DA:6,5
DA:8,2
DA:9,2
DA:10,2
LF:5
LH:5
BRF:0
BRH:0
end_of_record
TN:
SF:src/infra/db/mongodb/helpers/mongo-helper.ts
FN:5,(anonymous_8)
FN:8,(anonymous_10)
FN:11,(anonymous_12)
FN:14,(anonymous_13)
FNF:4
FNH:3
FNDA:2,(anonymous_8)
FNDA:2,(anonymous_10)
FNDA:5,(anonymous_12)
FNDA:0,(anonymous_13)
DA:1,5
DA:2,5
DA:3,5
DA:6,2
DA:9,2
DA:12,5
DA:15,0
DA:16,0
LF:8
LH:6
BRDA:12,0,0,0
BRDA:12,0,1,5
BRDA:12,1,0,5
BRDA:12,1,1,5
BRF:4
BRH:3
end_of_record
TN:
SF:src/presentation/controllers/signup/SignUp.ts
FN:11,(anonymous_7)
FN:15,(anonymous_8)
FNF:2
FNH:2
FNDA:15,(anonymous_7)
FNDA:12,(anonymous_8)
DA:2,5
DA:3,5
DA:10,5
DA:12,15
DA:13,15
DA:16,12
DA:17,12
DA:23,12
DA:24,42
DA:25,4
DA:27,8
DA:28,8
DA:29,1
DA:30,7
DA:31,1
DA:32,5
DA:33,4
DA:35,2
DA:36,2
LF:19
LH:19
BRDA:24,0,0,4
BRDA:28,1,0,1
BRDA:30,2,0,1
BRF:3
BRH:3
end_of_record
TN:
SF:src/presentation/controllers/signup/signup-protocols.ts
FNF:0
FNH:0
DA:1,0
DA:2,0
DA:3,0
DA:4,0
LF:4
LH:0
BRF:0
BRH:0
end_of_record
TN:
SF:src/presentation/errors/InvalidParamError.ts
FN:2,(anonymous_0)
FNF:1
FNH:1
FNDA:4,(anonymous_0)
DA:1,5
DA:3,4
DA:4,4
LF:3
LH:3
BRF:0
BRH:0
end_of_record
TN:
SF:src/presentation/errors/MissingParamError.ts
FN:2,(anonymous_0)
FNF:1
FNH:1
FNDA:8,(anonymous_0)
DA:1,5
DA:3,8
DA:4,8
LF:3
LH:3
BRF:0
BRH:0
end_of_record
TN:
SF:src/presentation/errors/ServerError.ts
FN:2,(anonymous_0)
FNF:1
FNH:1
FNDA:4,(anonymous_0)
DA:1,5
DA:3,4
DA:4,4
LF:3
LH:3
BRF:0
BRH:0
end_of_record
TN:
SF:src/presentation/errors/index.ts
FNF:0
FNH:0
DA:1,5
DA:2,5
DA:3,5
LF:3
LH:3
BRF:0
BRH:0
end_of_record
TN:
SF:src/presentation/helpers/http-helper.ts
FN:4,(anonymous_0)
FN:8,(anonymous_1)
FN:12,(anonymous_2)
FNF:3
FNH:3
FNDA:6,(anonymous_0)
FNDA:2,(anonymous_1)
FNDA:4,(anonymous_2)
DA:1,5
DA:4,6
DA:8,5
DA:12,5
LF:4
LH:4
BRF:0
BRH:0
end_of_record
TN:
SF:src/presentation/protocols/index.ts
FNF:0
FNH:0
DA:1,0
DA:2,0
LF:2
LH:0
BRF:0
BRH:0
end_of_record
TN:
SF:src/utils/EmailValidatorAdpter.ts
FN:5,(anonymous_1)
FNF:1
FNH:1
FNDA:4,(anonymous_1)
DA:1,5
DA:4,5
DA:6,4
LF:3
LH:3
BRF:0
BRH:0
end_of_record
